<?xml version="1.0" encoding="UTF-8"?>
<!-- Generated by org.testng.reporters.JUnitXMLReporter -->
<testsuite ignored="2" hostname="LAPTOP-JL84H6HT" failures="1" tests="3" name="Start Your project" time="44.323" errors="0" timestamp="2023-02-01T17:59:32 IST">
  <testcase classname="com.benthonLabs.BenthonLabsApplication.Browser_Closed" name="@AfterTest Close_Browser" time="1.013">
    <failure type="java.lang.NullPointerException" message="Cannot invoke &amp;quot;org.openqa.selenium.WebDriver.close()&amp;quot; because &amp;quot;this.driver&amp;quot; is null">
      <![CDATA[java.lang.NullPointerException: Cannot invoke "org.openqa.selenium.WebDriver.close()" because "this.driver" is null
at com.benthonLabs.BenthonLabsApplication.Browser_Closed.Close_Browser(Browser_Closed.java:11)
... Removed 24 stack frames]]>
    </failure>
  </testcase> <!-- @AfterTest Close_Browser -->
  <testcase classname="com.benthonLabs.BenthonLabsApplication.Website_OpenOn_Browser" name="Verify_Website_Open" time="12.831"/>
  <testcase classname="com.benthonLabs.BenthonLabsApplication.Start_Your_Project" name="Verify_Start_Your_Project_Page" time="12.438"/>
  <testcase classname="com.benthonLabs.BenthonLabsApplication.Start_Your_Project" name="Verify_Captcha" time="0.427">
    <failure type="org.openqa.selenium.interactions.MoveTargetOutOfBoundsException" message="move target out of bounds
  (Session info: chrome=109.0.5414.120)
Build info: version: &amp;apos;4.1.1&amp;apos;, revision: &amp;apos;e8fcc2cecf&amp;apos;
System info: host: &amp;apos;LAPTOP-JL84H6HT&amp;apos;, ip: &amp;apos;192.168.29.109&amp;apos;, os.name: &amp;apos;Windows 10&amp;apos;, os.arch: &amp;apos;amd64&amp;apos;, os.version: &amp;apos;10.0&amp;apos;, java.version: &amp;apos;17&amp;apos;
Driver info: org.openqa.selenium.chrome.ChromeDriver
Command: [c15b83c4b4ba7be6ba07841ebafff922, actions {actions=[org.openqa.selenium.interactions.Sequence@1603dc2f]}]
Capabilities {acceptInsecureCerts: false, browserName: chrome, browserVersion: 109.0.5414.120, chrome: {chromedriverVersion: 108.0.5359.71 (1e0e3868ee06..., userDataDir: C:\Users\CL-009\AppData\Loc...}, goog:chromeOptions: {debuggerAddress: localhost:49188}, javascriptEnabled: true, networkConnectionEnabled: false, pageLoadStrategy: normal, platform: WINDOWS, platformName: WINDOWS, proxy: Proxy(), se:cdp: ws://localhost:49188/devtoo..., se:cdpVersion: 109.0.5414.120, setWindowRect: true, strictFileInteractability: false, timeouts: {implicit: 0, pageLoad: 300000, script: 30000}, unhandledPromptBehavior: dismiss and notify, webauthn:extension:credBlob: true, webauthn:extension:largeBlob: true, webauthn:virtualAuthenticators: true}
Session ID: c15b83c4b4ba7be6ba07841ebafff922">
      <![CDATA[org.openqa.selenium.interactions.MoveTargetOutOfBoundsException: move target out of bounds
  (Session info: chrome=109.0.5414.120)
Build info: version: '4.1.1', revision: 'e8fcc2cecf'
System info: host: 'LAPTOP-JL84H6HT', ip: '192.168.29.109', os.name: 'Windows 10', os.arch: 'amd64', os.version: '10.0', java.version: '17'
Driver info: org.openqa.selenium.chrome.ChromeDriver
Command: [c15b83c4b4ba7be6ba07841ebafff922, actions {actions=[org.openqa.selenium.interactions.Sequence@1603dc2f]}]
Capabilities {acceptInsecureCerts: false, browserName: chrome, browserVersion: 109.0.5414.120, chrome: {chromedriverVersion: 108.0.5359.71 (1e0e3868ee06..., userDataDir: C:\Users\CL-009\AppData\Loc...}, goog:chromeOptions: {debuggerAddress: localhost:49188}, javascriptEnabled: true, networkConnectionEnabled: false, pageLoadStrategy: normal, platform: WINDOWS, platformName: WINDOWS, proxy: Proxy(), se:cdp: ws://localhost:49188/devtoo..., se:cdpVersion: 109.0.5414.120, setWindowRect: true, strictFileInteractability: false, timeouts: {implicit: 0, pageLoad: 300000, script: 30000}, unhandledPromptBehavior: dismiss and notify, webauthn:extension:credBlob: true, webauthn:extension:largeBlob: true, webauthn:virtualAuthenticators: true}
Session ID: c15b83c4b4ba7be6ba07841ebafff922
at org.openqa.selenium.remote.codec.w3c.W3CHttpResponseCodec.createException(W3CHttpResponseCodec.java:200)
at org.openqa.selenium.remote.codec.w3c.W3CHttpResponseCodec.decode(W3CHttpResponseCodec.java:133)
at org.openqa.selenium.remote.codec.w3c.W3CHttpResponseCodec.decode(W3CHttpResponseCodec.java:53)
at org.openqa.selenium.remote.HttpCommandExecutor.execute(HttpCommandExecutor.java:184)
at org.openqa.selenium.remote.service.DriverCommandExecutor.invokeExecute(DriverCommandExecutor.java:167)
at org.openqa.selenium.remote.service.DriverCommandExecutor.execute(DriverCommandExecutor.java:142)
at org.openqa.selenium.remote.RemoteWebDriver.execute(RemoteWebDriver.java:543)
at org.openqa.selenium.remote.RemoteWebDriver.perform(RemoteWebDriver.java:611)
at org.openqa.selenium.interactions.Actions$BuiltAction.perform(Actions.java:617)
at org.openqa.selenium.interactions.Actions.perform(Actions.java:573)
at com.benthonLabs.BenthonLabsApplication.Start_Your_Project.Verify_Captcha(Start_Your_Project.java:49)
at java.base/java.util.ArrayList.forEach(ArrayList.java:1511)
... Removed 32 stack frames]]>
    </failure>
  </testcase> <!-- Verify_Captcha -->
  <testcase classname="com.benthonLabs.BenthonLabsApplication.Website_OpenOn_Browser" name="@BeforeTest Open_Browser" time="0.0">
    <ignored/>
  </testcase> <!-- @BeforeTest Open_Browser -->
  <testcase classname="com.benthonLabs.BenthonLabsApplication.Website_OpenOn_Browser" name="Verify_Website_Open" time="0.0">
    <ignored/>
  </testcase> <!-- Verify_Website_Open -->
</testsuite> <!-- Start Your project -->
